<?xml version="1.0" encoding="UTF-8"?>
<!-- Generated by org.testng.reporters.JUnitReportReporter -->
<testsuite hostname="apples-MacBook-Pro.local" failures="0" tests="1" name="extent.rep_class" time="26.376" errors="0" timestamp="2024-10-22T18:14:08 IST" skipped="0">
  <testcase classname="extent.rep_class" name="login" time="26.376"/>
  <system-out/>
</testsuite> <!-- extent.rep_class -->
